<?xml version="1.0" encoding="UTF-8" ?>
<testsuite tests="3" failures="0" name="net.mooctest.SquareCbcTest" time="0.079" errors="0" skipped="0">
  <properties>
    <property name="java.runtime.name" value="Java(TM) SE Runtime Environment"/>
    <property name="sun.boot.library.path" value="D:\work\jdk1.8\jdk1.8.0_202\jre\bin"/>
    <property name="java.vm.version" value="25.202-b08"/>
    <property name="java.vm.vendor" value="Oracle Corporation"/>
    <property name="maven.multiModuleProjectDirectory" value="D:\work"/>
    <property name="java.vendor.url" value="http://java.oracle.com/"/>
    <property name="path.separator" value=";"/>
    <property name="guice.disable.misplaced.annotation.check" value="true"/>
    <property name="java.vm.name" value="Java HotSpot(TM) 64-Bit Server VM"/>
    <property name="file.encoding.pkg" value="sun.io"/>
    <property name="user.script" value=""/>
    <property name="user.country" value="CN"/>
    <property name="sun.java.launcher" value="SUN_STANDARD"/>
    <property name="sun.os.patch.level" value=""/>
    <property name="java.vm.specification.name" value="Java Virtual Machine Specification"/>
    <property name="user.dir" value="D:\work"/>
    <property name="java.runtime.version" value="1.8.0_202-b08"/>
    <property name="java.awt.graphicsenv" value="sun.awt.Win32GraphicsEnvironment"/>
    <property name="java.endorsed.dirs" value="D:\work\jdk1.8\jdk1.8.0_202\jre\lib\endorsed"/>
    <property name="os.arch" value="amd64"/>
    <property name="java.io.tmpdir" value="C:\Users\U\AppData\Local\Temp\"/>
    <property name="line.separator" value="
"/>
    <property name="java.vm.specification.vendor" value="Oracle Corporation"/>
    <property name="user.variant" value=""/>
    <property name="os.name" value="Windows 10"/>
    <property name="classworlds.conf" value="D:\work\apache-maven-3.5.3\bin\..\bin\m2.conf"/>
    <property name="sun.jnu.encoding" value="GBK"/>
    <property name="java.library.path" value="D:\work\jdk1.8\jdk1.8.0_202\bin;C:\WINDOWS\Sun\Java\bin;C:\WINDOWS\system32;C:\WINDOWS;C:/Program Files/Java/jre-1.8/bin/server;C:/Program Files/Java/jre-1.8/bin;C:/Program Files/Java/jre-1.8/lib/amd64;C:\Program Files (x86)\Common Files\Oracle\Java\javapath;C:\WINDOWS\system32;C:\WINDOWS;C:\WINDOWS\System32\Wbem;C:\WINDOWS\System32\WindowsPowerShell\v1.0\;C:\WINDOWS\System32\OpenSSH\;D:\work\jdk1.8\jdk1.8.0_202\bin;D:\work\apache-maven-3.5.3\bin;D:\Mysql\MySQL Server 8.0\bin;D:\Redis;D:\work\mongodb\mongodb-win32-x86_64-windows-7.0.1\bin;C:\Program Files\Git\cmd;D:\work\node.js\node_global;D:\work\node.js\node_global\node_modules;D:\work\node.js\;C:\Program Files\Docker\Docker\resources\bin;D:\应用\Microsoft VS Code\bin;D:\phpstudy_pro\Extensions\php\php7.3.4nts;C:\ProgramData\ComposerSetup\bin;D:\work\python\Scripts\;D:\work\python\;C:\Users\U\AppData\Local\Programs\Python\Launcher\;C:\Users\U\AppData\Local\Microsoft\WindowsApps;D:\应用\IntelliJ IDEA 2023.2.3\bin;C:\Users\U\AppData\Local\Programs\Microsoft VS Code\bin;C:\Users\U\AppData\Roaming\npm;D:\work\python\Lib;C:\Users\U\AppData\Roaming\Composer\vendor\bin;C:\Users\U\AppData\Local\JetBrains\Toolbox\scripts;C:\Users\U\AppData\Local\Microsoft\WindowsApps;D:\应用\chrome108.70\chrome-win64;;D:\work;;."/>
    <property name="maven.conf" value="D:\work\apache-maven-3.5.3\bin\../conf"/>
    <property name="java.specification.name" value="Java Platform API Specification"/>
    <property name="java.class.version" value="52.0"/>
    <property name="sun.management.compiler" value="HotSpot 64-Bit Tiered Compilers"/>
    <property name="os.version" value="10.0"/>
    <property name="library.jansi.path" value="D:\work\apache-maven-3.5.3\bin\..\lib\jansi-native"/>
    <property name="user.home" value="C:\Users\U"/>
    <property name="user.timezone" value="Asia/Shanghai"/>
    <property name="java.awt.printerjob" value="sun.awt.windows.WPrinterJob"/>
    <property name="java.specification.version" value="1.8"/>
    <property name="file.encoding" value="GBK"/>
    <property name="user.name" value="U"/>
    <property name="java.class.path" value="D:\work\apache-maven-3.5.3\bin\..\boot\plexus-classworlds-2.5.2.jar"/>
    <property name="java.vm.specification.version" value="1.8"/>
    <property name="sun.arch.data.model" value="64"/>
    <property name="java.home" value="D:\work\jdk1.8\jdk1.8.0_202\jre"/>
    <property name="sun.java.command" value="org.codehaus.plexus.classworlds.launcher.Launcher -file C:/mooctest/projects/8601/126581/Square clean clover:setup test clover:aggregate clover:clover"/>
    <property name="java.specification.vendor" value="Oracle Corporation"/>
    <property name="user.language" value="zh"/>
    <property name="awt.toolkit" value="sun.awt.windows.WToolkit"/>
    <property name="java.vm.info" value="mixed mode"/>
    <property name="java.version" value="1.8.0_202"/>
    <property name="java.ext.dirs" value="D:\work\jdk1.8\jdk1.8.0_202\jre\lib\ext;C:\WINDOWS\Sun\Java\lib\ext"/>
    <property name="sun.boot.class.path" value="D:\work\jdk1.8\jdk1.8.0_202\jre\lib\resources.jar;D:\work\jdk1.8\jdk1.8.0_202\jre\lib\rt.jar;D:\work\jdk1.8\jdk1.8.0_202\jre\lib\sunrsasign.jar;D:\work\jdk1.8\jdk1.8.0_202\jre\lib\jsse.jar;D:\work\jdk1.8\jdk1.8.0_202\jre\lib\jce.jar;D:\work\jdk1.8\jdk1.8.0_202\jre\lib\charsets.jar;D:\work\jdk1.8\jdk1.8.0_202\jre\lib\jfr.jar;D:\work\jdk1.8\jdk1.8.0_202\jre\classes"/>
    <property name="java.vendor" value="Oracle Corporation"/>
    <property name="maven.home" value="D:\work\apache-maven-3.5.3\bin\.."/>
    <property name="file.separator" value="\"/>
    <property name="java.vendor.url.bug" value="http://bugreport.sun.com/bugreport/"/>
    <property name="sun.cpu.endian" value="little"/>
    <property name="sun.io.unicode.encoding" value="UnicodeLittle"/>
    <property name="sun.desktop" value="windows"/>
    <property name="sun.cpu.isalist" value="amd64"/>
  </properties>
  <testcase classname="net.mooctest.SquareCbcTest" name="testPartialEncryptionAndDecryption" time="0.071"/>
  <testcase classname="net.mooctest.SquareCbcTest" name="testEncryptionAndDecryption" time="0.008"/>
  <testcase classname="net.mooctest.SquareCbcTest" name="testEncryptionWithDifferentIVs" time="0"/>
</testsuite>