<?xml version="1.0" encoding="UTF-8" ?>
<testsuite tests="1" failures="0" name="net.mooctest.AbstractSelfBalancingBinarySearchTreeTest" time="0.056" errors="0" skipped="0">
  <properties>
    <property name="java.runtime.name" value="Java(TM) SE Runtime Environment"/>
    <property name="sun.boot.library.path" value="D:\Softwares\Java\jdk1.8.0_341\jre\bin"/>
    <property name="java.vm.version" value="25.341-b10"/>
    <property name="java.vm.vendor" value="Oracle Corporation"/>
    <property name="maven.multiModuleProjectDirectory" value="D:\Softwares\Mooctest\WorkSpace\mooctest_plugin"/>
    <property name="java.vendor.url" value="http://java.oracle.com/"/>
    <property name="path.separator" value=";"/>
    <property name="guice.disable.misplaced.annotation.check" value="true"/>
    <property name="java.vm.name" value="Java HotSpot(TM) 64-Bit Server VM"/>
    <property name="file.encoding.pkg" value="sun.io"/>
    <property name="user.script" value=""/>
    <property name="user.country" value="CN"/>
    <property name="sun.java.launcher" value="SUN_STANDARD"/>
    <property name="sun.os.patch.level" value=""/>
    <property name="java.vm.specification.name" value="Java Virtual Machine Specification"/>
    <property name="user.dir" value="D:\Softwares\Mooctest\WorkSpace\mooctest_plugin"/>
    <property name="java.runtime.version" value="1.8.0_341-b10"/>
    <property name="java.awt.graphicsenv" value="sun.awt.Win32GraphicsEnvironment"/>
    <property name="java.endorsed.dirs" value="D:\Softwares\Java\jdk1.8.0_341\jre\lib\endorsed"/>
    <property name="os.arch" value="amd64"/>
    <property name="java.io.tmpdir" value="C:\Users\YGL\AppData\Local\Temp\"/>
    <property name="line.separator" value="
"/>
    <property name="java.vm.specification.vendor" value="Oracle Corporation"/>
    <property name="user.variant" value=""/>
    <property name="os.name" value="Windows 11"/>
    <property name="classworlds.conf" value="D:\Softwares\Java\apache-maven-3.8.6-bin\apache-maven-3.8.6\bin\m2.conf"/>
    <property name="sun.jnu.encoding" value="GBK"/>
    <property name="java.library.path" value="D:\Softwares\Java\jdk1.8.0_341\bin;C:\WINDOWS\Sun\Java\bin;C:\WINDOWS\system32;C:\WINDOWS;D:\Softwares\Anaconda3\condabin;D:/Softwares/Java/jre1.8.0_341/bin/server;D:/Softwares/Java/jre1.8.0_341/bin;D:/Softwares/Java/jre1.8.0_341/lib/amd64;C:\Program Files (x86)\Common Files\Intel\Shared Libraries\redist\intel64\compiler;C:\Program Files (x86)\Common Files\Oracle\Java\javapath;D:\Softwares\Java\jdk1.8.0_341\bin;D:\Softwares\Java\jre1.8.0_341\bin;C:\Windows;C:\Windows\System32\Wbem;C:\Windows\System32\WindowsPowerShell\v1.0\;C:\Windows\System32\OpenSSH\;C:\Program Files (x86)\NVIDIA Corporation\PhysX\Common;C:\Program Files\NVIDIA Corporation\NVIDIA NvDLISR;C:\WINDOWS\system32;C:\WINDOWS;C:\WINDOWS\System32\Wbem;C:\WINDOWS\System32\WindowsPowerShell\v1.0\;C:\WINDOWS\System32\OpenSSH\;C:\Program Files\dotnet\;D:\Softwares\Anaconda3;D:\Softwares\Anaconda3\Scripts;D:\Softwares\Anaconda3\Library\bin;D:\Softwares\Python\Python36;D:\Softwares\Java\apache-maven-3.8.6-bin\apache-maven-3.8.6\bin;C:\Program Files\NVIDIA Corporation\Nsight Compute 2022.1.1\;C:\Program Files\NVIDIA GPU Computing Toolkit\CUDA\v11.6;C:\Program Files\NVIDIA GPU Computing Toolkit\CUDA\v11.6\lib\x64;C:\Program Files\NVIDIA GPU Computing Toolkit\CUDA\v11.6\bin;C:\Program Files\NVIDIA GPU Computing Toolkit\CUDA\v11.6\libnvvp;D:\Softwares\Texlive\2022\bin\win32;D:\Softwares\Xshell\;D:\Softwares\Git\cmd;D:\Softwares\MySQL\MySQL Server 8.0\bin;D:\Softwares\Xtfp 7\;C:\Program Files\Microsoft SQL Server\Client SDK\ODBC\170\Tools\Binn\;C:\Program Files (x86)\Microsoft SQL Server\150\Tools\Binn\;C:\Program Files\Microsoft SQL Server\150\Tools\Binn\;C:\Program Files\Microsoft SQL Server\150\DTS\Binn\;D:\Softwares\Gradle\gradle-7.5-bin\gradle-7.5\bin;D:\Softwares\Randoop\randoop-4.3.1\randoop-all-4.3.1.jar;D:\Softwares\MySQL\MySQL Shell 8.0\bin\;C:\Users\YGL\AppData\Local\Microsoft\WindowsApps;C:\Users\YGL\AppData\Local\GitHubDesktop\bin;D:\Softwares\Mooctest\eclipse;;."/>
    <property name="maven.conf" value="D:\Softwares\Java\apache-maven-3.8.6-bin\apache-maven-3.8.6/conf"/>
    <property name="java.specification.name" value="Java Platform API Specification"/>
    <property name="java.class.version" value="52.0"/>
    <property name="sun.management.compiler" value="HotSpot 64-Bit Tiered Compilers"/>
    <property name="os.version" value="10.0"/>
    <property name="library.jansi.path" value="D:\Softwares\Java\apache-maven-3.8.6-bin\apache-maven-3.8.6\lib\jansi-native"/>
    <property name="user.home" value="C:\Users\YGL"/>
    <property name="user.timezone" value="Asia/Shanghai"/>
    <property name="java.awt.printerjob" value="sun.awt.windows.WPrinterJob"/>
    <property name="java.specification.version" value="1.8"/>
    <property name="file.encoding" value="GBK"/>
    <property name="user.name" value="YGL"/>
    <property name="java.class.path" value="D:\Softwares\Java\apache-maven-3.8.6-bin\apache-maven-3.8.6\boot\plexus-classworlds-2.6.0.jar"/>
    <property name="java.vm.specification.version" value="1.8"/>
    <property name="sun.arch.data.model" value="64"/>
    <property name="java.home" value="D:\Softwares\Java\jdk1.8.0_341\jre"/>
    <property name="sun.java.command" value="org.codehaus.plexus.classworlds.launcher.Launcher -file D:/Softwares/Java/Java_practice/ScapegoatTree clean clover:setup test clover:aggregate clover:clover"/>
    <property name="java.specification.vendor" value="Oracle Corporation"/>
    <property name="user.language" value="zh"/>
    <property name="awt.toolkit" value="sun.awt.windows.WToolkit"/>
    <property name="java.vm.info" value="mixed mode"/>
    <property name="java.version" value="1.8.0_341"/>
    <property name="java.ext.dirs" value="D:\Softwares\Java\jdk1.8.0_341\jre\lib\ext;C:\WINDOWS\Sun\Java\lib\ext"/>
    <property name="sun.boot.class.path" value="D:\Softwares\Java\jdk1.8.0_341\jre\lib\resources.jar;D:\Softwares\Java\jdk1.8.0_341\jre\lib\rt.jar;D:\Softwares\Java\jdk1.8.0_341\jre\lib\jsse.jar;D:\Softwares\Java\jdk1.8.0_341\jre\lib\jce.jar;D:\Softwares\Java\jdk1.8.0_341\jre\lib\charsets.jar;D:\Softwares\Java\jdk1.8.0_341\jre\lib\jfr.jar;D:\Softwares\Java\jdk1.8.0_341\jre\classes"/>
    <property name="java.vendor" value="Oracle Corporation"/>
    <property name="maven.home" value="D:\Softwares\Java\apache-maven-3.8.6-bin\apache-maven-3.8.6"/>
    <property name="file.separator" value="\"/>
    <property name="java.vendor.url.bug" value="http://bugreport.sun.com/bugreport/"/>
    <property name="sun.cpu.endian" value="little"/>
    <property name="sun.io.unicode.encoding" value="UnicodeLittle"/>
    <property name="sun.desktop" value="windows"/>
    <property name="sun.cpu.isalist" value="amd64"/>
  </properties>
  <testcase classname="net.mooctest.AbstractSelfBalancingBinarySearchTreeTest" name="test" time="0.056"/>
</testsuite>