<?xml version="1.0" encoding="UTF-8" ?>
<testsuite tests="13" failures="0" name="net.mooctest.AVLNodeTest" time="0.148" errors="0" skipped="0">
  <properties>
    <property name="java.runtime.name" value="Java(TM) SE Runtime Environment"/>
    <property name="sun.boot.library.path" value="C:\Program Files\Java\jdk1.8.0_351\jre\bin"/>
    <property name="java.vm.version" value="25.351-b10"/>
    <property name="java.vm.vendor" value="Oracle Corporation"/>
    <property name="maven.multiModuleProjectDirectory" value="D:\work"/>
    <property name="java.vendor.url" value="http://java.oracle.com/"/>
    <property name="path.separator" value=";"/>
    <property name="guice.disable.misplaced.annotation.check" value="true"/>
    <property name="java.vm.name" value="Java HotSpot(TM) 64-Bit Server VM"/>
    <property name="file.encoding.pkg" value="sun.io"/>
    <property name="user.script" value=""/>
    <property name="user.country" value="CN"/>
    <property name="sun.java.launcher" value="SUN_STANDARD"/>
    <property name="sun.os.patch.level" value=""/>
    <property name="java.vm.specification.name" value="Java Virtual Machine Specification"/>
    <property name="user.dir" value="D:\work"/>
    <property name="java.runtime.version" value="1.8.0_351-b10"/>
    <property name="java.awt.graphicsenv" value="sun.awt.Win32GraphicsEnvironment"/>
    <property name="java.endorsed.dirs" value="C:\Program Files\Java\jdk1.8.0_351\jre\lib\endorsed"/>
    <property name="os.arch" value="amd64"/>
    <property name="java.io.tmpdir" value="C:\Users\U\AppData\Local\Temp\"/>
    <property name="line.separator" value="
"/>
    <property name="java.vm.specification.vendor" value="Oracle Corporation"/>
    <property name="user.variant" value=""/>
    <property name="os.name" value="Windows 11"/>
    <property name="classworlds.conf" value="D:\work\apache-maven-3.5.3\bin\..\bin\m2.conf"/>
    <property name="sun.jnu.encoding" value="GBK"/>
    <property name="java.library.path" value="C:\Program Files\Java\jdk1.8.0_351\bin;C:\WINDOWS\Sun\Java\bin;C:\WINDOWS\system32;C:\WINDOWS;C:/Program Files/Java/jre1.8.0_201/bin/server;C:/Program Files/Java/jre1.8.0_201/bin;C:/Program Files/Java/jre1.8.0_201/lib/amd64;C:\Program Files (x86)\Common Files\Oracle\Java\javapath;D:\VMware\vmware\bin\;D:\Python\Scripts\;D:\Python\;C:\WINDOWS\system32;C:\WINDOWS;C:\WINDOWS\System32\Wbem;C:\WINDOWS\System32\WindowsPowerShell\v1.0\;C:\WINDOWS\System32\OpenSSH\;\资料\apache-maven-3.8.7\bin;C:\Program Files\Java\jdk1.8.0_351\bin;C:\Program Files (x86)\MySQL\MySQL Server 5.5\bin;D:\应用\apache-tomcat-11.0.0-M1\bin;C:\Program Files\dotnet\;%MAVEN_H;ME%\bin;D:\应用\Git\cmd;D:\Redis\;D:\work\ffmpeg-2023-04-17-git-65e537b833-full_build\bin;D:\work\apache-maven-3.5.3\bin;D:\xshell\;D:\xftp\;C:\Program Files\Docker\Docker\resources\bin;D:\SQL\bin;D:\Mysql\MySQL Server 8.0\bin;D:\应用\微信web开发者工具\dll;D:\work\node\;D:\work\node\node_global\node_modules;C:\Users\U\AppData\Local\Microsoft\WindowsApps;D:\应用\Microsoft VS Code\bin;D:\应用\IntelliJ IDEA 2021.3.1\bin;;D:\work\node\node_global;;D:\work;;."/>
    <property name="maven.conf" value="D:\work\apache-maven-3.5.3\bin\../conf"/>
    <property name="java.specification.name" value="Java Platform API Specification"/>
    <property name="java.class.version" value="52.0"/>
    <property name="sun.management.compiler" value="HotSpot 64-Bit Tiered Compilers"/>
    <property name="os.version" value="10.0"/>
    <property name="library.jansi.path" value="D:\work\apache-maven-3.5.3\bin\..\lib\jansi-native"/>
    <property name="user.home" value="C:\Users\U"/>
    <property name="user.timezone" value="Asia/Shanghai"/>
    <property name="java.awt.printerjob" value="sun.awt.windows.WPrinterJob"/>
    <property name="java.specification.version" value="1.8"/>
    <property name="file.encoding" value="GBK"/>
    <property name="user.name" value="U"/>
    <property name="java.class.path" value="D:\work\apache-maven-3.5.3\bin\..\boot\plexus-classworlds-2.5.2.jar"/>
    <property name="java.vm.specification.version" value="1.8"/>
    <property name="sun.arch.data.model" value="64"/>
    <property name="java.home" value="C:\Program Files\Java\jdk1.8.0_351\jre"/>
    <property name="sun.java.command" value="org.codehaus.plexus.classworlds.launcher.Launcher -file C:/mooctest/projects/7330/126581/AVLTree clean clover:setup test clover:aggregate clover:clover"/>
    <property name="java.specification.vendor" value="Oracle Corporation"/>
    <property name="user.language" value="zh"/>
    <property name="awt.toolkit" value="sun.awt.windows.WToolkit"/>
    <property name="java.vm.info" value="mixed mode"/>
    <property name="java.version" value="1.8.0_351"/>
    <property name="java.ext.dirs" value="C:\Program Files\Java\jdk1.8.0_351\jre\lib\ext;C:\WINDOWS\Sun\Java\lib\ext"/>
    <property name="sun.boot.class.path" value="C:\Program Files\Java\jdk1.8.0_351\jre\lib\resources.jar;C:\Program Files\Java\jdk1.8.0_351\jre\lib\rt.jar;C:\Program Files\Java\jdk1.8.0_351\jre\lib\jsse.jar;C:\Program Files\Java\jdk1.8.0_351\jre\lib\jce.jar;C:\Program Files\Java\jdk1.8.0_351\jre\lib\charsets.jar;C:\Program Files\Java\jdk1.8.0_351\jre\lib\jfr.jar;C:\Program Files\Java\jdk1.8.0_351\jre\classes"/>
    <property name="java.vendor" value="Oracle Corporation"/>
    <property name="java.specification.maintenance.version" value="4"/>
    <property name="maven.home" value="D:\work\apache-maven-3.5.3\bin\.."/>
    <property name="file.separator" value="\"/>
    <property name="java.vendor.url.bug" value="http://bugreport.sun.com/bugreport/"/>
    <property name="sun.cpu.endian" value="little"/>
    <property name="sun.io.unicode.encoding" value="UnicodeLittle"/>
    <property name="sun.desktop" value="windows"/>
    <property name="sun.cpu.isalist" value="amd64"/>
  </properties>
  <testcase classname="net.mooctest.AVLNodeTest" name="testException" time="0.105"/>
  <testcase classname="net.mooctest.AVLNodeTest" name="testSearchWordsFromFile" time="0.006"/>
  <testcase classname="net.mooctest.AVLNodeTest" name="testSearchWord" time="0.003"/>
  <testcase classname="net.mooctest.AVLNodeTest" name="testFindMin" time="0.004"/>
  <testcase classname="net.mooctest.AVLNodeTest" name="testPrintNode" time="0.008"/>
  <testcase classname="net.mooctest.AVLNodeTest" name="testDeleteWordsFromFile" time="0.002"/>
  <testcase classname="net.mooctest.AVLNodeTest" name="testGetSize" time="0.003"/>
  <testcase classname="net.mooctest.AVLNodeTest" name="testInsertWord" time="0.001"/>
  <testcase classname="net.mooctest.AVLNodeTest" name="testGetHeightAndToString" time="0.005"/>
  <testcase classname="net.mooctest.AVLNodeTest" name="testDeleteWord" time="0.003"/>
  <testcase classname="net.mooctest.AVLNodeTest" name="testDelete" time="0.002"/>
  <testcase classname="net.mooctest.AVLNodeTest" name="testInster" time="0.003"/>
  <testcase classname="net.mooctest.AVLNodeTest" name="testInsertWordsFromFile" time="0.003"/>
</testsuite>