<?xml version="1.0" encoding="UTF-8" ?>
<testsuite tests="45" failures="0" name="net.mooctest.SplaySubTreeTest" time="0.114" errors="0" skipped="0">
  <properties>
    <property name="java.runtime.name" value="Java(TM) SE Runtime Environment"/>
    <property name="sun.boot.library.path" value="C:\Program Files\Java\jdk1.8.0_191\jre\bin"/>
    <property name="java.vm.version" value="25.191-b12"/>
    <property name="java.vm.vendor" value="Oracle Corporation"/>
    <property name="maven.multiModuleProjectDirectory" value="D:\eclipse\eclipse_win64"/>
    <property name="java.vendor.url" value="http://java.oracle.com/"/>
    <property name="path.separator" value=";"/>
    <property name="guice.disable.misplaced.annotation.check" value="true"/>
    <property name="java.vm.name" value="Java HotSpot(TM) 64-Bit Server VM"/>
    <property name="file.encoding.pkg" value="sun.io"/>
    <property name="user.script" value=""/>
    <property name="user.country" value="CN"/>
    <property name="sun.java.launcher" value="SUN_STANDARD"/>
    <property name="sun.os.patch.level" value=""/>
    <property name="java.vm.specification.name" value="Java Virtual Machine Specification"/>
    <property name="user.dir" value="D:\eclipse\eclipse_win64"/>
    <property name="java.runtime.version" value="1.8.0_191-b12"/>
    <property name="java.awt.graphicsenv" value="sun.awt.Win32GraphicsEnvironment"/>
    <property name="java.endorsed.dirs" value="C:\Program Files\Java\jdk1.8.0_191\jre\lib\endorsed"/>
    <property name="os.arch" value="amd64"/>
    <property name="java.io.tmpdir" value="C:\Users\17971\AppData\Local\Temp\"/>
    <property name="line.separator" value="
"/>
    <property name="java.vm.specification.vendor" value="Oracle Corporation"/>
    <property name="user.variant" value=""/>
    <property name="os.name" value="Windows 10"/>
    <property name="classworlds.conf" value="D:\maven\apache-maven-3.6.3\bin\..\bin\m2.conf"/>
    <property name="sun.jnu.encoding" value="GBK"/>
    <property name="java.library.path" value="C:\Program Files\Java\jdk1.8.0_191\bin;C:\Windows\Sun\Java\bin;C:\Windows\system32;C:\Windows;C:/Program Files/Java/jdk1.8.0_191/bin/../jre/bin/server;C:/Program Files/Java/jdk1.8.0_191/bin/../jre/bin;C:/Program Files/Java/jdk1.8.0_191/bin/../jre/lib/amd64;D:\python\Scripts\;D:\python\;C:\Windows\system32;C:\Windows;C:\Windows\System32\Wbem;C:\Windows\System32\WindowsPowerShell\v1.0\;C:\Windows\System32\OpenSSH\;C:\Program Files\Java\jdk1.8.0_191\bin;D:\maven\apache-maven-3.6.3\bin;D:\band\Bandizip\;D:\tomcat\apache-tomcat-8.5.5\bin;C:\ProgramData\Microsoft\Windows\Start Menu\Programs\MySQL\MySQL Server 8.0;C:\Program Files\MySQL\MySQL Server 8.0\bin;D:\git\Git\cmd;D:\opencv\opencv\build\x64\vc14\bin;D:\opencv\opencv\build\x64\vc15\bin;E:\node\;C:\Users\17971\AppData\Local\Microsoft\WindowsApps;E:\ideaIU-2019.3.3\IntelliJ IDEA 2019.3.3\bin;;E:\pycharm\PyCharm 2022.2\bin;;C:\Users\17971\AppData\Roaming\npm;D:\radis\Redis-x64-5.0.14.1;;E:\msrj\CLion 2023.1.3\bin;;D:\eclipse\eclipse_win64;;."/>
    <property name="maven.conf" value="D:\maven\apache-maven-3.6.3\bin\../conf"/>
    <property name="java.specification.name" value="Java Platform API Specification"/>
    <property name="java.class.version" value="52.0"/>
    <property name="sun.management.compiler" value="HotSpot 64-Bit Tiered Compilers"/>
    <property name="os.version" value="10.0"/>
    <property name="library.jansi.path" value="D:\maven\apache-maven-3.6.3\bin\..\lib\jansi-native"/>
    <property name="user.home" value="C:\Users\17971"/>
    <property name="user.timezone" value="Asia/Shanghai"/>
    <property name="java.awt.printerjob" value="sun.awt.windows.WPrinterJob"/>
    <property name="java.specification.version" value="1.8"/>
    <property name="file.encoding" value="GBK"/>
    <property name="user.name" value="17971"/>
    <property name="java.class.path" value="D:\maven\apache-maven-3.6.3\bin\..\boot\plexus-classworlds-2.6.0.jar"/>
    <property name="java.vm.specification.version" value="1.8"/>
    <property name="sun.arch.data.model" value="64"/>
    <property name="java.home" value="C:\Program Files\Java\jdk1.8.0_191\jre"/>
    <property name="sun.java.command" value="org.codehaus.plexus.classworlds.launcher.Launcher -file C:/mooctest/projects/7338/99277/SPLAYTREE1 clean clover:setup test clover:aggregate clover:clover"/>
    <property name="java.specification.vendor" value="Oracle Corporation"/>
    <property name="user.language" value="zh"/>
    <property name="awt.toolkit" value="sun.awt.windows.WToolkit"/>
    <property name="java.vm.info" value="mixed mode"/>
    <property name="java.version" value="1.8.0_191"/>
    <property name="java.ext.dirs" value="C:\Program Files\Java\jdk1.8.0_191\jre\lib\ext;C:\Windows\Sun\Java\lib\ext"/>
    <property name="sun.boot.class.path" value="C:\Program Files\Java\jdk1.8.0_191\jre\lib\resources.jar;C:\Program Files\Java\jdk1.8.0_191\jre\lib\rt.jar;C:\Program Files\Java\jdk1.8.0_191\jre\lib\sunrsasign.jar;C:\Program Files\Java\jdk1.8.0_191\jre\lib\jsse.jar;C:\Program Files\Java\jdk1.8.0_191\jre\lib\jce.jar;C:\Program Files\Java\jdk1.8.0_191\jre\lib\charsets.jar;C:\Program Files\Java\jdk1.8.0_191\jre\lib\jfr.jar;C:\Program Files\Java\jdk1.8.0_191\jre\classes"/>
    <property name="java.vendor" value="Oracle Corporation"/>
    <property name="maven.home" value="D:\maven\apache-maven-3.6.3\bin\.."/>
    <property name="file.separator" value="\"/>
    <property name="java.vendor.url.bug" value="http://bugreport.sun.com/bugreport/"/>
    <property name="sun.cpu.endian" value="little"/>
    <property name="sun.io.unicode.encoding" value="UnicodeLittle"/>
    <property name="sun.desktop" value="windows"/>
    <property name="sun.cpu.isalist" value="amd64"/>
  </properties>
  <testcase classname="net.mooctest.SplaySubTreeTest" name="test00" time="0.043"/>
  <testcase classname="net.mooctest.SplaySubTreeTest" name="test01" time="0"/>
  <testcase classname="net.mooctest.SplaySubTreeTest" name="test02" time="0.001"/>
  <testcase classname="net.mooctest.SplaySubTreeTest" name="test03" time="0.002"/>
  <testcase classname="net.mooctest.SplaySubTreeTest" name="test04" time="0.002"/>
  <testcase classname="net.mooctest.SplaySubTreeTest" name="test05" time="0.002"/>
  <testcase classname="net.mooctest.SplaySubTreeTest" name="test06" time="0.002"/>
  <testcase classname="net.mooctest.SplaySubTreeTest" name="test07" time="0.002"/>
  <testcase classname="net.mooctest.SplaySubTreeTest" name="test08" time="0.001"/>
  <testcase classname="net.mooctest.SplaySubTreeTest" name="test09" time="0.002"/>
  <testcase classname="net.mooctest.SplaySubTreeTest" name="test10" time="0.002"/>
  <testcase classname="net.mooctest.SplaySubTreeTest" name="test11" time="0.001"/>
  <testcase classname="net.mooctest.SplaySubTreeTest" name="test12" time="0.001"/>
  <testcase classname="net.mooctest.SplaySubTreeTest" name="test13" time="0.001"/>
  <testcase classname="net.mooctest.SplaySubTreeTest" name="test14" time="0.002"/>
  <testcase classname="net.mooctest.SplaySubTreeTest" name="test15" time="0.002"/>
  <testcase classname="net.mooctest.SplaySubTreeTest" name="test16" time="0.001"/>
  <testcase classname="net.mooctest.SplaySubTreeTest" name="test17" time="0.002"/>
  <testcase classname="net.mooctest.SplaySubTreeTest" name="test18" time="0.002"/>
  <testcase classname="net.mooctest.SplaySubTreeTest" name="test19" time="0.002"/>
  <testcase classname="net.mooctest.SplaySubTreeTest" name="test20" time="0.002"/>
  <testcase classname="net.mooctest.SplaySubTreeTest" name="test21" time="0.001"/>
  <testcase classname="net.mooctest.SplaySubTreeTest" name="test22" time="0.001"/>
  <testcase classname="net.mooctest.SplaySubTreeTest" name="test23" time="0.002"/>
  <testcase classname="net.mooctest.SplaySubTreeTest" name="test24" time="0.002"/>
  <testcase classname="net.mooctest.SplaySubTreeTest" name="test25" time="0.002"/>
  <testcase classname="net.mooctest.SplaySubTreeTest" name="test26" time="0.002"/>
  <testcase classname="net.mooctest.SplaySubTreeTest" name="test27" time="0.001"/>
  <testcase classname="net.mooctest.SplaySubTreeTest" name="test28" time="0.002"/>
  <testcase classname="net.mooctest.SplaySubTreeTest" name="test29" time="0.002"/>
  <testcase classname="net.mooctest.SplaySubTreeTest" name="test30" time="0.002"/>
  <testcase classname="net.mooctest.SplaySubTreeTest" name="test31" time="0.002"/>
  <testcase classname="net.mooctest.SplaySubTreeTest" name="test32" time="0.001"/>
  <testcase classname="net.mooctest.SplaySubTreeTest" name="test33" time="0.002"/>
  <testcase classname="net.mooctest.SplaySubTreeTest" name="test34" time="0.001"/>
  <testcase classname="net.mooctest.SplaySubTreeTest" name="test35" time="0.001"/>
  <testcase classname="net.mooctest.SplaySubTreeTest" name="test36" time="0.002"/>
  <testcase classname="net.mooctest.SplaySubTreeTest" name="test37" time="0.003"/>
  <testcase classname="net.mooctest.SplaySubTreeTest" name="test38" time="0.002"/>
  <testcase classname="net.mooctest.SplaySubTreeTest" name="test39" time="0.001"/>
  <testcase classname="net.mooctest.SplaySubTreeTest" name="test40" time="0.001"/>
  <testcase classname="net.mooctest.SplaySubTreeTest" name="test41" time="0.001"/>
  <testcase classname="net.mooctest.SplaySubTreeTest" name="test42" time="0.002"/>
  <testcase classname="net.mooctest.SplaySubTreeTest" name="test43" time="0.001"/>
  <testcase classname="net.mooctest.SplaySubTreeTest" name="test44" time="0.002"/>
</testsuite>